[2024-04-04 00:49:04] [INFO ] [AppInvasoresFx: 52] --------------------------------------------------------------------------------
[2024-04-04 00:49:06] [DEBUG] [GameManager: 52] start level=1
[2024-04-04 00:49:18] [DEBUG] [GameManager: 62] nextLevel level=2
[2024-04-04 00:49:31] [DEBUG] [GameManager: 62] nextLevel level=3
[2024-04-04 00:49:31] [DEBUG] [EnemyShipDiagonal: 11] EnemyShipDiagonal N=3
[2024-04-04 00:49:31] [DEBUG] [EnemyShipDiagonal: 11] EnemyShipDiagonal N=3
[2024-04-04 00:49:31] [DEBUG] [EnemyShipDiagonal: 11] EnemyShipDiagonal N=3
[2024-04-04 00:49:31] [DEBUG] [EnemyShipDiagonal: 11] EnemyShipDiagonal N=3
[2024-04-04 00:51:41] [INFO ] [AppInvasoresFx: 52] --------------------------------------------------------------------------------
[2024-04-04 00:51:42] [DEBUG] [GameManager: 52] start level=1
[2024-04-04 00:55:49] [INFO ] [AppInvasoresFx: 52] --------------------------------------------------------------------------------
[2024-04-04 00:55:50] [DEBUG] [GameManager: 52] start level=1
[2024-04-04 00:55:58] [DEBUG] [GameManager: 62] nextLevel level=2
[2024-04-04 00:56:10] [DEBUG] [GameManager: 62] nextLevel level=3
[2024-04-04 00:56:10] [DEBUG] [EnemyShipDiagonal: 11] EnemyShipDiagonal N=3
[2024-04-04 00:56:10] [DEBUG] [EnemyShipDiagonal: 11] EnemyShipDiagonal N=3
[2024-04-04 00:56:10] [DEBUG] [EnemyShipDiagonal: 11] EnemyShipDiagonal N=3
[2024-04-04 00:56:10] [DEBUG] [EnemyShipDiagonal: 11] EnemyShipDiagonal N=3
[2024-04-04 00:56:22] [DEBUG] [GameManager: 62] nextLevel level=4
[2024-04-04 00:56:33] [INFO ] [AppInvasoresFx: 81] ESC
[2024-04-04 01:01:10] [INFO ] [AppInvasoresFx: 52] --------------------------------------------------------------------------------
[2024-04-04 01:01:45] [DEBUG] [GameManager: 52] start level=1
[2024-04-04 01:01:49] [DEBUG] [GameManager:201] updateGame E_APP_ONELESSLIFE enemies=3 shotsDown=1 shotsUp=0
[2024-04-04 01:01:50] [DEBUG] [GameManager: 70] sameLevel level=1
[2024-04-04 01:01:55] [DEBUG] [GameManager:201] updateGame E_APP_ONELESSLIFE enemies=3 shotsDown=2 shotsUp=1
[2024-04-04 01:01:55] [DEBUG] [GameManager: 70] sameLevel level=1
[2024-04-04 01:01:59] [DEBUG] [GameManager:199] updateGame E_APP_LOST enemies=3 shotsDown=2 shotsUp=2
[2024-04-04 01:02:59] [INFO ] [AppInvasoresFx: 52] --------------------------------------------------------------------------------
[2024-04-04 01:31:49] [INFO ] [AppInvasoresFx: 52] --------------------------------------------------------------------------------
[2024-04-04 01:31:50] [DEBUG] [GameManager: 52] start level=1
[2024-04-04 01:31:58] [DEBUG] [GameManager: 62] nextLevel level=2
[2024-04-04 01:32:05] [DEBUG] [GameManager: 62] nextLevel level=3
[2024-04-04 01:32:58] [INFO ] [AppInvasoresFx: 52] --------------------------------------------------------------------------------
[2024-04-04 01:32:59] [DEBUG] [GameManager: 52] start level=1
[2024-04-04 01:33:12] [DEBUG] [GameManager: 62] nextLevel level=2
[2024-04-04 01:33:19] [DEBUG] [GameManager: 62] nextLevel level=3
[2024-04-04 01:33:31] [DEBUG] [GameManager: 62] nextLevel level=4
[2024-04-04 01:33:31] [DEBUG] [EnemyShipDiagonal: 11] EnemyShipDiagonal N=3
[2024-04-04 01:33:31] [DEBUG] [EnemyShipDiagonal: 11] EnemyShipDiagonal N=3
[2024-04-04 01:33:31] [DEBUG] [EnemyShipDiagonal: 11] EnemyShipDiagonal N=3
[2024-04-04 01:33:31] [DEBUG] [EnemyShipDiagonal: 11] EnemyShipDiagonal N=3
[2024-04-04 01:33:34] [INFO ] [AppInvasoresFx: 81] ESC
[2024-04-04 01:37:19] [INFO ] [AppInvasoresFx: 52] --------------------------------------------------------------------------------
[2024-04-04 01:37:19] [DEBUG] [GameManager: 52] start level=1
[2024-04-04 01:37:31] [INFO ] [AppInvasoresFx: 52] --------------------------------------------------------------------------------
[2024-04-04 01:37:31] [DEBUG] [GameManager: 52] start level=3
[2024-04-04 01:37:36] [DEBUG] [GameManager:201] updateGame E_APP_ONELESSLIFE enemies=1 shotsDown=5 shotsUp=5
[2024-04-04 01:37:37] [DEBUG] [GameManager: 70] sameLevel level=3
[2024-04-04 01:37:40] [DEBUG] [GameManager: 62] nextLevel level=4
[2024-04-04 01:37:40] [DEBUG] [EnemyShipDiagonal: 11] EnemyShipDiagonal N=3
[2024-04-04 01:37:40] [DEBUG] [EnemyShipDiagonal: 11] EnemyShipDiagonal N=3
[2024-04-04 01:37:40] [DEBUG] [EnemyShipDiagonal: 11] EnemyShipDiagonal N=3
[2024-04-04 01:37:40] [DEBUG] [EnemyShipDiagonal: 11] EnemyShipDiagonal N=3
[2024-04-04 01:37:44] [DEBUG] [GameManager:201] updateGame E_APP_ONELESSLIFE enemies=6 shotsDown=1 shotsUp=0
[2024-04-04 01:37:45] [DEBUG] [GameManager: 70] sameLevel level=4
[2024-04-04 01:37:51] [DEBUG] [GameManager: 62] nextLevel level=5
[2024-04-04 01:37:51] [DEBUG] [EnemyShipDiagonal: 11] EnemyShipDiagonal N=3
[2024-04-04 01:37:51] [DEBUG] [EnemyShipDiagonal: 11] EnemyShipDiagonal N=3
[2024-04-04 01:37:51] [DEBUG] [EnemyShipDiagonal: 11] EnemyShipDiagonal N=3
[2024-04-04 01:37:51] [DEBUG] [EnemyShipDiagonal: 11] EnemyShipDiagonal N=3
[2024-04-04 01:37:57] [DEBUG] [GameManager:199] updateGame E_APP_LOST enemies=4 shotsDown=1 shotsUp=0
[2024-04-04 01:37:58] [DEBUG] [GameManager: 52] start level=3
[2024-04-04 01:38:01] [DEBUG] [GameManager:201] updateGame E_APP_ONELESSLIFE enemies=3 shotsDown=5 shotsUp=5
[2024-04-04 01:38:01] [DEBUG] [GameManager: 70] sameLevel level=3
[2024-04-04 01:38:06] [DEBUG] [GameManager: 62] nextLevel level=4
[2024-04-04 01:38:06] [DEBUG] [EnemyShipDiagonal: 11] EnemyShipDiagonal N=3
[2024-04-04 01:38:06] [DEBUG] [EnemyShipDiagonal: 11] EnemyShipDiagonal N=3
[2024-04-04 01:38:06] [DEBUG] [EnemyShipDiagonal: 11] EnemyShipDiagonal N=3
[2024-04-04 01:38:06] [DEBUG] [EnemyShipDiagonal: 11] EnemyShipDiagonal N=3
[2024-04-04 01:50:14] [INFO ] [AppInvasoresFx: 52] --------------------------------------------------------------------------------
[2024-04-04 01:50:15] [DEBUG] [GameManager: 52] start level=1
[2024-04-04 01:50:16] [DEBUG] [GameManager: 62] nextLevel level=2
[2024-04-04 01:50:18] [DEBUG] [GameManager:201] updateGame E_APP_ONELESSLIFE enemies=0 shotsDown=1 shotsUp=4
[2024-04-04 01:50:18] [DEBUG] [GameManager: 70] sameLevel level=2
[2024-04-04 01:50:18] [DEBUG] [GameManager: 62] nextLevel level=3
[2024-04-04 01:50:18] [DEBUG] [GameManager:201] updateGame E_APP_ONELESSLIFE enemies=2 shotsDown=3 shotsUp=3
[2024-04-04 01:50:18] [DEBUG] [GameManager: 70] sameLevel level=3
[2024-04-04 01:50:19] [DEBUG] [GameManager: 62] nextLevel level=4
[2024-04-04 01:50:19] [DEBUG] [EnemyShipDiagonal: 11] EnemyShipDiagonal N=3
[2024-04-04 01:50:19] [DEBUG] [EnemyShipDiagonal: 11] EnemyShipDiagonal N=3
[2024-04-04 01:50:19] [DEBUG] [EnemyShipDiagonal: 11] EnemyShipDiagonal N=3
[2024-04-04 01:50:19] [DEBUG] [EnemyShipDiagonal: 11] EnemyShipDiagonal N=3
[2024-04-04 01:50:28] [DEBUG] [GameManager:199] updateGame E_APP_LOST enemies=3 shotsDown=0 shotsUp=2
[2024-04-04 01:50:28] [DEBUG] [GameManager: 52] start level=1
[2024-04-04 01:50:30] [DEBUG] [GameManager: 62] nextLevel level=2
[2024-04-04 01:50:31] [DEBUG] [GameManager:201] updateGame E_APP_ONELESSLIFE enemies=0 shotsDown=1 shotsUp=3
[2024-04-04 01:50:31] [DEBUG] [GameManager: 70] sameLevel level=2
[2024-04-04 01:50:31] [DEBUG] [GameManager: 62] nextLevel level=3
[2024-04-04 01:50:32] [DEBUG] [GameManager:201] updateGame E_APP_ONELESSLIFE enemies=2 shotsDown=4 shotsUp=4
[2024-04-04 01:50:32] [DEBUG] [GameManager: 70] sameLevel level=3
[2024-04-04 01:50:32] [DEBUG] [GameManager: 62] nextLevel level=4
[2024-04-04 01:50:32] [DEBUG] [EnemyShipDiagonal: 11] EnemyShipDiagonal N=3
[2024-04-04 01:50:32] [DEBUG] [EnemyShipDiagonal: 11] EnemyShipDiagonal N=3
[2024-04-04 01:50:32] [DEBUG] [EnemyShipDiagonal: 11] EnemyShipDiagonal N=3
[2024-04-04 01:50:32] [DEBUG] [EnemyShipDiagonal: 11] EnemyShipDiagonal N=3
[2024-04-04 01:50:43] [DEBUG] [GameManager: 62] nextLevel level=5
[2024-04-04 01:50:43] [DEBUG] [EnemyShipDiagonal: 11] EnemyShipDiagonal N=3
[2024-04-04 01:50:43] [DEBUG] [EnemyShipDiagonal: 11] EnemyShipDiagonal N=3
[2024-04-04 01:50:43] [DEBUG] [EnemyShipDiagonal: 11] EnemyShipDiagonal N=3
[2024-04-04 01:50:43] [DEBUG] [EnemyShipDiagonal: 11] EnemyShipDiagonal N=3
[2024-04-04 01:50:53] [DEBUG] [GameManager:199] updateGame E_APP_LOST enemies=1 shotsDown=0 shotsUp=7
[2024-04-04 01:50:53] [DEBUG] [GameManager: 52] start level=1
[2024-04-04 01:50:54] [DEBUG] [GameManager:201] updateGame E_APP_ONELESSLIFE enemies=1 shotsDown=1 shotsUp=1
[2024-04-04 01:50:55] [DEBUG] [GameManager: 70] sameLevel level=1
[2024-04-04 01:50:55] [DEBUG] [GameManager: 62] nextLevel level=2
[2024-04-04 01:50:57] [DEBUG] [GameManager: 62] nextLevel level=3
[2024-04-04 01:50:58] [DEBUG] [GameManager:201] updateGame E_APP_ONELESSLIFE enemies=2 shotsDown=3 shotsUp=3
[2024-04-04 01:50:58] [DEBUG] [GameManager: 70] sameLevel level=3
[2024-04-04 01:50:58] [DEBUG] [GameManager: 62] nextLevel level=4
[2024-04-04 01:50:58] [DEBUG] [EnemyShipDiagonal: 11] EnemyShipDiagonal N=3
[2024-04-04 01:50:58] [DEBUG] [EnemyShipDiagonal: 11] EnemyShipDiagonal N=3
[2024-04-04 01:50:58] [DEBUG] [EnemyShipDiagonal: 11] EnemyShipDiagonal N=3
[2024-04-04 01:50:58] [DEBUG] [EnemyShipDiagonal: 11] EnemyShipDiagonal N=3
[2024-04-04 01:51:01] [INFO ] [AppInvasoresFx: 81] ESC
[2024-04-04 01:53:53] [INFO ] [AppInvasoresFx: 52] --------------------------------------------------------------------------------
[2024-04-04 01:53:54] [DEBUG] [GameManager: 52] start level=3
[2024-04-04 01:54:01] [DEBUG] [GameManager: 62] nextLevel level=4
[2024-04-04 01:54:01] [DEBUG] [EnemyShipDiagonal: 11] EnemyShipDiagonal N=3
[2024-04-04 01:54:01] [DEBUG] [EnemyShipDiagonal: 11] EnemyShipDiagonal N=3
[2024-04-04 01:54:01] [DEBUG] [EnemyShipDiagonal: 11] EnemyShipDiagonal N=3
[2024-04-04 01:54:01] [DEBUG] [EnemyShipDiagonal: 11] EnemyShipDiagonal N=3
[2024-04-04 01:54:09] [DEBUG] [GameManager: 62] nextLevel level=5
[2024-04-04 01:54:09] [DEBUG] [EnemyShipDiagonal: 11] EnemyShipDiagonal N=3
[2024-04-04 01:54:09] [DEBUG] [EnemyShipDiagonal: 11] EnemyShipDiagonal N=3
[2024-04-04 01:54:09] [DEBUG] [EnemyShipDiagonal: 11] EnemyShipDiagonal N=3
[2024-04-04 01:54:09] [DEBUG] [EnemyShipDiagonal: 11] EnemyShipDiagonal N=3
[2024-04-04 01:54:12] [DEBUG] [GameManager:201] updateGame E_APP_ONELESSLIFE enemies=5 shotsDown=1 shotsUp=1
[2024-04-04 01:54:12] [DEBUG] [GameManager: 70] sameLevel level=5
[2024-04-04 01:54:15] [DEBUG] [GameManager:201] updateGame E_APP_ONELESSLIFE enemies=4 shotsDown=0 shotsUp=0
[2024-04-04 01:54:16] [DEBUG] [GameManager: 70] sameLevel level=5
[2024-04-04 01:54:18] [DEBUG] [GameManager:199] updateGame E_APP_LOST enemies=4 shotsDown=0 shotsUp=0
[2024-04-04 01:54:19] [DEBUG] [GameManager: 52] start level=3
[2024-04-04 01:54:23] [DEBUG] [GameManager:201] updateGame E_APP_ONELESSLIFE enemies=2 shotsDown=2 shotsUp=0
[2024-04-04 01:55:25] [INFO ] [AppInvasoresFx: 52] --------------------------------------------------------------------------------
[2024-04-04 01:55:26] [DEBUG] [GameManager: 52] start level=3
[2024-04-04 01:55:31] [DEBUG] [GameManager:201] updateGame E_APP_ONELESSLIFE enemies=3 shotsDown=0 shotsUp=0
[2024-04-04 01:55:32] [DEBUG] [GameManager: 70] sameLevel level=3
[2024-04-04 01:55:32] [INFO ] [AppInvasoresFx: 81] ESC
[2024-04-04 01:55:44] [INFO ] [AppInvasoresFx: 52] --------------------------------------------------------------------------------
[2024-04-04 01:55:45] [DEBUG] [GameManager: 52] start level=3
[2024-04-04 01:55:51] [DEBUG] [GameManager:201] updateGame E_APP_ONELESSLIFE enemies=3 shotsDown=0 shotsUp=0
[2024-04-04 01:55:52] [DEBUG] [GameManager: 70] sameLevel level=3
[2024-04-04 01:55:52] [DEBUG] [GameManager:201] updateGame E_APP_ONELESSLIFE enemies=3 shotsDown=0 shotsUp=0
[2024-04-04 01:55:53] [DEBUG] [GameManager: 70] sameLevel level=3
[2024-04-04 01:55:54] [DEBUG] [GameManager:199] updateGame E_APP_LOST enemies=2 shotsDown=0 shotsUp=0
[2024-04-04 01:55:55] [DEBUG] [GameManager: 52] start level=3
[2024-04-04 01:56:00] [DEBUG] [GameManager:201] updateGame E_APP_ONELESSLIFE enemies=3 shotsDown=0 shotsUp=0
[2024-04-04 01:56:04] [INFO ] [AppInvasoresFx: 52] --------------------------------------------------------------------------------
[2024-04-04 01:56:05] [DEBUG] [GameManager: 52] start level=3
[2024-04-04 01:56:11] [DEBUG] [GameManager:201] updateGame E_APP_ONELESSLIFE enemies=1 shotsDown=0 shotsUp=4
[2024-04-04 01:56:12] [INFO ] [AppInvasoresFx: 81] ESC
[2024-04-04 01:56:20] [INFO ] [AppInvasoresFx: 52] --------------------------------------------------------------------------------
[2024-04-04 01:56:20] [DEBUG] [GameManager: 52] start level=3
[2024-04-04 01:56:26] [DEBUG] [GameManager:201] updateGame E_APP_ONELESSLIFE enemies=3 shotsDown=0 shotsUp=0
[2024-04-04 01:56:26] [DEBUG] [GameManager: 70] sameLevel level=3
[2024-04-04 01:56:27] [DEBUG] [GameManager:201] updateGame E_APP_ONELESSLIFE enemies=3 shotsDown=0 shotsUp=0
[2024-04-04 01:56:27] [DEBUG] [GameManager: 70] sameLevel level=3
[2024-04-04 01:56:27] [DEBUG] [GameManager:199] updateGame E_APP_LOST enemies=3 shotsDown=0 shotsUp=0
[2024-04-04 01:56:28] [DEBUG] [GameManager: 52] start level=3
[2024-04-04 01:56:32] [DEBUG] [GameManager:201] updateGame E_APP_ONELESSLIFE enemies=2 shotsDown=4 shotsUp=3
[2024-04-04 01:56:32] [DEBUG] [GameManager: 70] sameLevel level=3
[2024-04-04 01:56:36] [DEBUG] [GameManager:201] updateGame E_APP_ONELESSLIFE enemies=2 shotsDown=3 shotsUp=3
[2024-04-04 01:56:36] [DEBUG] [GameManager: 70] sameLevel level=3
[2024-04-04 01:56:39] [DEBUG] [GameManager:199] updateGame E_APP_LOST enemies=1 shotsDown=0 shotsUp=2
[2024-04-04 01:56:40] [DEBUG] [GameManager: 52] start level=3
[2024-04-04 01:56:45] [DEBUG] [GameManager:201] updateGame E_APP_ONELESSLIFE enemies=3 shotsDown=1 shotsUp=0
[2024-04-04 01:56:45] [DEBUG] [GameManager: 70] sameLevel level=3
[2024-04-04 01:56:46] [DEBUG] [GameManager:201] updateGame E_APP_ONELESSLIFE enemies=3 shotsDown=0 shotsUp=0
[2024-04-04 01:56:47] [DEBUG] [GameManager: 70] sameLevel level=3
[2024-04-04 01:56:48] [DEBUG] [GameManager:199] updateGame E_APP_LOST enemies=1 shotsDown=0 shotsUp=2
[2024-04-04 01:56:49] [DEBUG] [GameManager: 52] start level=3
[2024-04-04 01:56:52] [INFO ] [AppInvasoresFx: 81] ESC
